<?xml version="1.0" encoding="UTF-8"?>
<!-- Generated by org.testng.reporters.JUnitReportReporter -->
<testsuite skipped="0" hostname="DESKTOP-VCU4DMG" name="com.crm.qa.base.TestBase" tests="1" failures="0" timestamp="19 Feb 2019 11:27:53 GMT" time="13.259" errors="0">
  <testcase name="initialization" time="13.259" classname="com.crm.qa.base.TestBase"/>
</testsuite> <!-- com.crm.qa.base.TestBase -->
