<?xml version="1.0" encoding="UTF-8"?>
<!-- Generated by org.testng.reporters.JUnitReportReporter -->
<testsuite skipped="0" hostname="DESKTOP-VCU4DMG" name="com.crm.qa.testcases.ContactsPageTest" tests="1" failures="0" timestamp="06 Apr 2019 14:15:37 GMT" time="35.303" errors="0">
  <testcase name="verifyContactPageLabel" time="35.303" classname="com.crm.qa.testcases.ContactsPageTest"/>
</testsuite> <!-- com.crm.qa.testcases.ContactsPageTest -->
