<?xml version="1.0" encoding="UTF-8"?>
<!-- Generated by org.testng.reporters.JUnitReportReporter -->
<testsuite skipped="0" hostname="DESKTOP-VCU4DMG" name="com.crm.qa.testcases.HomePageTest" tests="1" failures="0" timestamp="06 Apr 2019 14:15:37 GMT" time="23.904" errors="0">
  <testcase name="verifyHomePageTitleTest" time="23.904" classname="com.crm.qa.testcases.HomePageTest"/>
</testsuite> <!-- com.crm.qa.testcases.HomePageTest -->
