<?xml version="1.0" encoding="UTF-8"?>
<!-- Generated by org.testng.reporters.JUnitReportReporter -->
<testsuite skipped="0" hostname="DESKTOP-VCU4DMG" name="com.crm.qa.testcases.ContactsPageTest" tests="1" failures="0" timestamp="31 Mar 2019 17:47:09 GMT" time="33.110" errors="0">
  <testcase name="verifyContactPageLabel" time="33.110" classname="com.crm.qa.testcases.ContactsPageTest"/>
</testsuite> <!-- com.crm.qa.testcases.ContactsPageTest -->
