<?xml version="1.0" encoding="UTF-8"?>
<!-- Generated by org.testng.reporters.JUnitReportReporter -->
<testsuite skipped="0" hostname="DESKTOP-VCU4DMG" name="com.crm.qa.testcases.LoginPageTest" tests="1" failures="0" timestamp="31 Mar 2019 17:47:09 GMT" time="17.138" errors="0">
  <testcase name="validateLoginPageTitleTest" time="17.138" classname="com.crm.qa.testcases.LoginPageTest"/>
</testsuite> <!-- com.crm.qa.testcases.LoginPageTest -->
